<?xml version="1.0" encoding="UTF-8"?>
<!-- Generated by org.testng.reporters.JUnitReportReporter -->
<testsuite hostname="ANANT" failures="0" tests="1" name="practice.Appium.ExtentDemo" time="14.653" errors="0" timestamp="12 Jun 2022 11:14:41 GMT" skipped="0">
  <testcase classname="practice.Appium.ExtentDemo" name="extentReportsDemo" time="14.653"/>
</testsuite> <!-- practice.Appium.ExtentDemo -->
